{
  "uid" : "4b4757e66a1912dae1a509f688f20b0f",
  "name" : "categories",
  "children" : [ {
    "name" : "Test defects",
    "children" : [ {
      "name" : "selenium.common.exceptions.TimeoutException: Message: \n            failed while waiting 10 seconds\n            to assert Text\n            for first_by('css selector', '.breadcrumb-item')\n\n            reason: NoSuchElementException: Message: no such element: Unable to locate element: {\"method\":\"css selector\",\"selector\":\".breadcrumb-item\"}\n  (Session info: headless chrome=89.0.4389.114)\n\n            screenshot: file:///home/runner/.selene/screenshots/1618499938785/screen_1618499938787.png",
      "children" : [ {
        "name" : "User can register without indication of state",
        "uid" : "10ab4f61000af165",
        "parentUid" : "39cec228290858de6e2488a238b845c6",
        "status" : "broken",
        "time" : {
          "start" : 1618499974751,
          "stop" : 1618499987658,
          "duration" : 12907
        },
        "flaky" : true,
        "parameters" : [ ]
      } ],
      "uid" : "39cec228290858de6e2488a238b845c6"
    } ],
    "uid" : "bdbf199525818fae7a8651db9eafe741"
  } ]
}